No diagram found
No diagram found
No diagram found
Error java.lang.IllegalStateException
java.lang.IllegalStateException
	at net.sourceforge.plantuml.project.Failable.get(Failable.java:70)
	at net.atmp.CucaDiagram.quarkInContext(CucaDiagram.java:244)
	at net.sourceforge.plantuml.descdiagram.command.CommandCreateElementParenthesis.executeArg(CommandCreateElementParenthesis.java:153)
	at net.sourceforge.plantuml.descdiagram.command.CommandCreateElementParenthesis.executeArg(CommandCreateElementParenthesis.java:67)
	at net.sourceforge.plantuml.command.SingleLineCommand2.execute(SingleLineCommand2.java:150)
	at net.sourceforge.plantuml.command.ProtectedCommand.execute(ProtectedCommand.java:57)
	at net.sourceforge.plantuml.AbstractPSystem.executeCommand(AbstractPSystem.java:195)
	at net.sourceforge.plantuml.command.PSystemCommandFactory.executeFewLines(PSystemCommandFactory.java:142)
	at net.sourceforge.plantuml.command.PSystemCommandFactory.createSystem(PSystemCommandFactory.java:101)
	at net.sourceforge.plantuml.PSystemBuilder.createPSystem(PSystemBuilder.java:160)
	at net.sourceforge.plantuml.BlockUml.getDiagram(BlockUml.java:192)
	at net.sourceforge.plantuml.SourceFileReaderAbstract.getGeneratedImages(SourceFileReaderAbstract.java:171)
	at net.sourceforge.plantuml.swing.DirWatcher2$1.call(DirWatcher2.java:100)
	at net.sourceforge.plantuml.swing.DirWatcher2$1.call(DirWatcher2.java:96)
	at java.base/java.util.concurrent.FutureTask.run(Unknown Source)
	at java.base/java.util.concurrent.ThreadPoolExecutor.runWorker(Unknown Source)
	at java.base/java.util.concurrent.ThreadPoolExecutor$Worker.run(Unknown Source)
	at java.base/java.lang.Thread.run(Unknown Source)
You should send a mail to plantuml@gmail.com or post to https://plantuml.com/qa with this log (V1.2025.2)
Error java.lang.IllegalStateException
java.lang.IllegalStateException
	at net.sourceforge.plantuml.project.Failable.get(Failable.java:70)
	at net.atmp.CucaDiagram.quarkInContext(CucaDiagram.java:244)
	at net.sourceforge.plantuml.descdiagram.command.CommandCreateElementParenthesis.executeArg(CommandCreateElementParenthesis.java:153)
	at net.sourceforge.plantuml.descdiagram.command.CommandCreateElementParenthesis.executeArg(CommandCreateElementParenthesis.java:67)
	at net.sourceforge.plantuml.command.SingleLineCommand2.execute(SingleLineCommand2.java:150)
	at net.sourceforge.plantuml.command.ProtectedCommand.execute(ProtectedCommand.java:57)
	at net.sourceforge.plantuml.AbstractPSystem.executeCommand(AbstractPSystem.java:195)
	at net.sourceforge.plantuml.command.PSystemCommandFactory.executeFewLines(PSystemCommandFactory.java:142)
	at net.sourceforge.plantuml.command.PSystemCommandFactory.createSystem(PSystemCommandFactory.java:101)
	at net.sourceforge.plantuml.PSystemBuilder.createPSystem(PSystemBuilder.java:160)
	at net.sourceforge.plantuml.BlockUml.getDiagram(BlockUml.java:192)
	at net.sourceforge.plantuml.SourceFileReaderAbstract.getGeneratedImages(SourceFileReaderAbstract.java:171)
	at net.sourceforge.plantuml.swing.DirWatcher2$1.call(DirWatcher2.java:100)
	at net.sourceforge.plantuml.swing.DirWatcher2$1.call(DirWatcher2.java:96)
	at java.base/java.util.concurrent.FutureTask.run(Unknown Source)
	at java.base/java.util.concurrent.ThreadPoolExecutor.runWorker(Unknown Source)
	at java.base/java.util.concurrent.ThreadPoolExecutor$Worker.run(Unknown Source)
	at java.base/java.lang.Thread.run(Unknown Source)
You should send a mail to plantuml@gmail.com or post to https://plantuml.com/qa with this log (V1.2025.2)
